<?xml version="1.0" encoding="UTF-8"?>
<testng-results skipped="0" failed="0" total="1" passed="1">
  <reporter-output>
  </reporter-output>
  <suite name="Suite" duration-ms="4515" started-at="2017-09-13T19:18:44Z" finished-at="2017-09-13T19:18:49Z">
    <groups>
      <group name="cucumber">
        <method signature="AbstractTestNGCucumberTests.feature(cucumber.api.testng.CucumberFeatureWrapper)[pri:0, instance:com.api.utils.TestRunner$CucumberRunner@340f438e]" name="feature" class="cucumber.api.testng.AbstractTestNGCucumberTests"/>
      </group> <!-- cucumber -->
    </groups>
    <test name="Test" duration-ms="4515" started-at="2017-09-13T19:18:44Z" finished-at="2017-09-13T19:18:49Z">
      <class name="com.api.utils.TestRunner$CucumberRunner">
        <test-method status="PASS" signature="setUpClass()[pri:0, instance:com.api.utils.TestRunner$CucumberRunner@340f438e]" name="setUpClass" is-config="true" duration-ms="131" started-at="2017-09-13T12:18:44Z" finished-at="2017-09-13T12:18:45Z">
          <reporter-output>
          </reporter-output>
        </test-method> <!-- setUpClass -->
        <test-method status="PASS" signature="feature(cucumber.api.testng.CucumberFeatureWrapper)[pri:0, instance:com.api.utils.TestRunner$CucumberRunner@340f438e]" name="feature" duration-ms="4315" started-at="2017-09-13T12:18:45Z" description="Runs Cucumber Feature" data-provider="features" finished-at="2017-09-13T12:18:49Z">
          <params>
            <param index="0">
              <value>
                <![CDATA[City movie locations]]>
              </value>
            </param>
          </params>
          <reporter-output>
          </reporter-output>
        </test-method> <!-- feature -->
        <test-method status="PASS" signature="tearDownClass()[pri:0, instance:com.api.utils.TestRunner$CucumberRunner@340f438e]" name="tearDownClass" is-config="true" duration-ms="4" started-at="2017-09-13T12:18:49Z" finished-at="2017-09-13T12:18:49Z">
          <reporter-output>
          </reporter-output>
        </test-method> <!-- tearDownClass -->
      </class> <!-- com.api.utils.TestRunner$CucumberRunner -->
    </test> <!-- Test -->
  </suite> <!-- Suite -->
</testng-results>
